<?xml version="1.0" encoding="UTF-8"?>
<coverage generated="1743400325699" clover="3.2.0">
  <project timestamp="1743400325699" name="All files">
    <metrics statements="166" coveredstatements="95" conditionals="71" coveredconditionals="41" methods="52" coveredmethods="18" elements="289" coveredelements="154" complexity="0" loc="166" ncloc="166" packages="5" files="5" classes="5"/>
    <package name="database">
      <metrics statements="51" coveredstatements="6" conditionals="4" coveredconditionals="1" methods="26" coveredmethods="1"/>
      <file name="sqlite.ts" path="/Users/mblabs/Documents/Dev/rick-morty-app/RickAndMortyApp/src/database/sqlite.ts">
        <metrics statements="51" coveredstatements="6" conditionals="4" coveredconditionals="1" methods="26" coveredmethods="1"/>
        <line num="11" count="2" type="cond" truecount="1" falsecount="1"/>
        <line num="12" count="0" type="stmt"/>
        <line num="13" count="0" type="stmt"/>
        <line num="15" count="0" type="stmt"/>
        <line num="16" count="0" type="stmt"/>
        <line num="19" count="0" type="stmt"/>
        <line num="20" count="0" type="stmt"/>
        <line num="21" count="0" type="stmt"/>
        <line num="24" count="0" type="stmt"/>
        <line num="27" count="0" type="stmt"/>
        <line num="28" count="0" type="stmt"/>
        <line num="31" count="0" type="stmt"/>
        <line num="32" count="0" type="stmt"/>
        <line num="35" count="0" type="stmt"/>
        <line num="36" count="0" type="stmt"/>
        <line num="39" count="0" type="stmt"/>
        <line num="40" count="0" type="stmt"/>
        <line num="43" count="0" type="stmt"/>
        <line num="44" count="0" type="stmt"/>
        <line num="46" count="0" type="stmt"/>
        <line num="47" count="0" type="stmt"/>
        <line num="50" count="0" type="stmt"/>
        <line num="51" count="0" type="stmt"/>
        <line num="52" count="0" type="stmt"/>
        <line num="53" count="0" type="stmt"/>
        <line num="59" count="0" type="stmt"/>
        <line num="62" count="0" type="stmt"/>
        <line num="65" count="0" type="stmt"/>
        <line num="68" count="0" type="stmt"/>
        <line num="69" count="0" type="stmt"/>
        <line num="72" count="0" type="stmt"/>
        <line num="73" count="0" type="stmt"/>
        <line num="78" count="2" type="stmt"/>
        <line num="79" count="2" type="stmt"/>
        <line num="80" count="2" type="stmt"/>
        <line num="83" count="2" type="stmt"/>
        <line num="89" count="2" type="stmt"/>
        <line num="90" count="0" type="cond" truecount="0" falsecount="2"/>
        <line num="91" count="0" type="stmt"/>
        <line num="92" count="0" type="stmt"/>
        <line num="95" count="0" type="stmt"/>
        <line num="96" count="0" type="stmt"/>
        <line num="97" count="0" type="stmt"/>
        <line num="98" count="0" type="stmt"/>
        <line num="100" count="0" type="stmt"/>
        <line num="101" count="0" type="stmt"/>
        <line num="103" count="0" type="stmt"/>
        <line num="126" count="0" type="stmt"/>
        <line num="129" count="0" type="stmt"/>
        <line num="131" count="0" type="stmt"/>
        <line num="132" count="0" type="stmt"/>
      </file>
    </package>
    <package name="database.repositories">
      <metrics statements="50" coveredstatements="43" conditionals="6" coveredconditionals="5" methods="6" coveredmethods="6"/>
      <file name="FavoriteRepository.ts" path="/Users/mblabs/Documents/Dev/rick-morty-app/RickAndMortyApp/src/database/repositories/FavoriteRepository.ts">
        <metrics statements="50" coveredstatements="43" conditionals="6" coveredconditionals="5" methods="6" coveredmethods="6"/>
        <line num="24" count="1" type="stmt"/>
        <line num="28" count="3" type="stmt"/>
        <line num="29" count="3" type="stmt"/>
        <line num="30" count="3" type="stmt"/>
        <line num="31" count="3" type="stmt"/>
        <line num="32" count="2" type="cond" truecount="2" falsecount="0"/>
        <line num="33" count="1" type="stmt"/>
        <line num="35" count="1" type="stmt"/>
        <line num="37" count="2" type="stmt"/>
        <line num="39" count="1" type="stmt"/>
        <line num="40" count="1" type="stmt"/>
        <line num="48" count="1" type="stmt"/>
        <line num="52" count="1" type="stmt"/>
        <line num="53" count="1" type="stmt"/>
        <line num="54" count="1" type="stmt"/>
        <line num="55" count="1" type="stmt"/>
        <line num="56" count="1" type="cond" truecount="1" falsecount="1"/>
        <line num="57" count="0" type="stmt"/>
        <line num="59" count="1" type="stmt"/>
        <line num="61" count="1" type="stmt"/>
        <line num="63" count="0" type="stmt"/>
        <line num="64" count="0" type="stmt"/>
        <line num="72" count="1" type="stmt"/>
        <line num="73" count="4" type="stmt"/>
        <line num="74" count="4" type="stmt"/>
        <line num="75" count="4" type="stmt"/>
        <line num="76" count="4" type="stmt"/>
        <line num="77" count="3" type="stmt"/>
        <line num="78" count="3" type="stmt"/>
        <line num="80" count="1" type="stmt"/>
        <line num="81" count="1" type="stmt"/>
        <line num="89" count="1" type="stmt"/>
        <line num="90" count="2" type="stmt"/>
        <line num="91" count="2" type="stmt"/>
        <line num="93" count="2" type="cond" truecount="2" falsecount="0"/>
        <line num="94" count="1" type="stmt"/>
        <line num="95" count="1" type="stmt"/>
        <line num="98" count="2" type="stmt"/>
        <line num="99" count="2" type="stmt"/>
        <line num="101" count="2" type="stmt"/>
        <line num="103" count="1" type="stmt"/>
        <line num="104" count="1" type="stmt"/>
        <line num="105" count="1" type="stmt"/>
        <line num="112" count="0" type="stmt"/>
        <line num="113" count="0" type="stmt"/>
        <line num="116" count="1" type="stmt"/>
        <line num="118" count="2" type="stmt"/>
        <line num="119" count="2" type="stmt"/>
        <line num="121" count="0" type="stmt"/>
        <line num="122" count="0" type="stmt"/>
      </file>
    </package>
    <package name="features.characters.hooks">
      <metrics statements="2" coveredstatements="1" conditionals="1" coveredconditionals="0" methods="1" coveredmethods="0"/>
      <file name="useCharacterList.ts" path="/Users/mblabs/Documents/Dev/rick-morty-app/RickAndMortyApp/src/features/characters/hooks/useCharacterList.ts">
        <metrics statements="2" coveredstatements="1" conditionals="1" coveredconditionals="0" methods="1" coveredmethods="0"/>
        <line num="5" count="1" type="cond" truecount="0" falsecount="1"/>
        <line num="6" count="0" type="stmt"/>
      </file>
    </package>
    <package name="features.characters.screens">
      <metrics statements="56" coveredstatements="45" conditionals="60" coveredconditionals="35" methods="15" coveredmethods="11"/>
      <file name="CharacterListScreen.tsx" path="/Users/mblabs/Documents/Dev/rick-morty-app/RickAndMortyApp/src/features/characters/screens/CharacterListScreen.tsx">
        <metrics statements="56" coveredstatements="45" conditionals="60" coveredconditionals="35" methods="15" coveredmethods="11"/>
        <line num="37" count="7" type="stmt"/>
        <line num="38" count="7" type="stmt"/>
        <line num="40" count="7" type="stmt"/>
        <line num="41" count="7" type="stmt"/>
        <line num="42" count="7" type="stmt"/>
        <line num="43" count="7" type="stmt"/>
        <line num="44" count="7" type="stmt"/>
        <line num="45" count="7" type="stmt"/>
        <line num="46" count="7" type="stmt"/>
        <line num="48" count="7" type="stmt"/>
        <line num="49" count="7" type="cond" truecount="1" falsecount="1"/>
        <line num="50" count="7" type="cond" truecount="1" falsecount="1"/>
        <line num="51" count="7" type="stmt"/>
        <line num="53" count="7" type="stmt"/>
        <line num="59" count="7" type="stmt"/>
        <line num="60" count="5" type="stmt"/>
        <line num="61" count="5" type="cond" truecount="1" falsecount="1"/>
        <line num="62" count="5" type="cond" truecount="1" falsecount="1"/>
        <line num="63" count="5" type="cond" truecount="1" falsecount="1"/>
        <line num="64" count="5" type="cond" truecount="1" falsecount="1"/>
        <line num="65" count="5" type="stmt"/>
        <line num="78" count="7" type="stmt"/>
        <line num="80" count="7" type="cond" truecount="2" falsecount="0"/>
        <line num="90" count="7" type="stmt"/>
        <line num="92" count="7" type="stmt"/>
        <line num="93" count="7" type="stmt"/>
        <line num="94" count="5" type="stmt"/>
        <line num="95" count="5" type="cond" truecount="2" falsecount="0"/>
        <line num="96" count="2" type="stmt"/>
        <line num="97" count="2" type="stmt"/>
        <line num="101" count="7" type="stmt"/>
        <line num="102" count="0" type="cond" truecount="0" falsecount="4"/>
        <line num="103" count="0" type="stmt"/>
        <line num="107" count="7" type="stmt"/>
        <line num="108" count="3" type="cond" truecount="3" falsecount="2"/>
        <line num="109" count="0" type="stmt"/>
        <line num="113" count="7" type="stmt"/>
        <line num="119" count="0" type="stmt"/>
        <line num="120" count="0" type="stmt"/>
        <line num="121" count="0" type="stmt"/>
        <line num="122" count="0" type="stmt"/>
        <line num="123" count="0" type="stmt"/>
        <line num="126" count="7" type="stmt"/>
        <line num="128" count="1" type="stmt"/>
        <line num="137" count="7" type="stmt"/>
        <line num="143" count="7" type="cond" truecount="1" falsecount="2"/>
        <line num="145" count="7" type="cond" truecount="1" falsecount="1"/>
        <line num="146" count="7" type="cond" truecount="2" falsecount="2"/>
        <line num="147" count="0" type="stmt"/>
        <line num="149" count="7" type="stmt"/>
        <line num="160" count="0" type="stmt"/>
        <line num="182" count="4" type="stmt"/>
        <line num="193" count="2" type="stmt"/>
        <line num="199" count="5" type="cond" truecount="1" falsecount="1"/>
        <line num="206" count="4" type="cond" truecount="3" falsecount="1"/>
        <line num="244" count="0" type="stmt"/>
      </file>
    </package>
    <package name="hooks">
      <metrics statements="7" coveredstatements="0" conditionals="0" coveredconditionals="0" methods="4" coveredmethods="0"/>
      <file name="useDebounce.ts" path="/Users/mblabs/Documents/Dev/rick-morty-app/RickAndMortyApp/src/hooks/useDebounce.ts">
        <metrics statements="7" coveredstatements="0" conditionals="0" coveredconditionals="0" methods="4" coveredmethods="0"/>
        <line num="17" count="0" type="stmt"/>
        <line num="19" count="0" type="stmt"/>
        <line num="20" count="0" type="stmt"/>
        <line num="21" count="0" type="stmt"/>
        <line num="24" count="0" type="stmt"/>
        <line num="25" count="0" type="stmt"/>
        <line num="29" count="0" type="stmt"/>
      </file>
    </package>
  </project>
</coverage>
