{"total": {"lines":{"total":166,"covered":95,"skipped":0,"pct":57.22},"statements":{"total":176,"covered":97,"skipped":0,"pct":55.11},"functions":{"total":52,"covered":18,"skipped":0,"pct":34.61},"branches":{"total":71,"covered":41,"skipped":0,"pct":57.74},"branchesTrue":{"total":0,"covered":0,"skipped":0,"pct":100}}
,"/Users/mblabs/Documents/Dev/rick-morty-app/RickAndMortyApp/src/database/sqlite.ts": {"lines":{"total":51,"covered":6,"skipped":0,"pct":11.76},"functions":{"total":26,"covered":1,"skipped":0,"pct":3.84},"statements":{"total":54,"covered":6,"skipped":0,"pct":11.11},"branches":{"total":4,"covered":1,"skipped":0,"pct":25}}
,"/Users/mblabs/Documents/Dev/rick-morty-app/RickAndMortyApp/src/database/repositories/FavoriteRepository.ts": {"lines":{"total":50,"covered":43,"skipped":0,"pct":86},"functions":{"total":6,"covered":6,"skipped":0,"pct":100},"statements":{"total":50,"covered":43,"skipped":0,"pct":86},"branches":{"total":6,"covered":5,"skipped":0,"pct":83.33}}
,"/Users/mblabs/Documents/Dev/rick-morty-app/RickAndMortyApp/src/features/characters/hooks/useCharacterList.ts": {"lines":{"total":2,"covered":1,"skipped":0,"pct":50},"functions":{"total":1,"covered":0,"skipped":0,"pct":0},"statements":{"total":2,"covered":1,"skipped":0,"pct":50},"branches":{"total":1,"covered":0,"skipped":0,"pct":0}}
,"/Users/mblabs/Documents/Dev/rick-morty-app/RickAndMortyApp/src/features/characters/screens/CharacterListScreen.tsx": {"lines":{"total":56,"covered":45,"skipped":0,"pct":80.35},"functions":{"total":15,"covered":11,"skipped":0,"pct":73.33},"statements":{"total":63,"covered":47,"skipped":0,"pct":74.6},"branches":{"total":60,"covered":35,"skipped":0,"pct":58.33}}
,"/Users/mblabs/Documents/Dev/rick-morty-app/RickAndMortyApp/src/hooks/useDebounce.ts": {"lines":{"total":7,"covered":0,"skipped":0,"pct":0},"functions":{"total":4,"covered":0,"skipped":0,"pct":0},"statements":{"total":7,"covered":0,"skipped":0,"pct":0},"branches":{"total":0,"covered":0,"skipped":0,"pct":100}}
}
