{"total": {"lines":{"total":653,"covered":171,"skipped":0,"pct":26.18},"statements":{"total":688,"covered":176,"skipped":0,"pct":25.58},"functions":{"total":223,"covered":41,"skipped":0,"pct":18.38},"branches":{"total":319,"covered":41,"skipped":0,"pct":12.85},"branchesTrue":{"total":0,"covered":0,"skipped":0,"pct":100}}
,"/Users/mblabs/Documents/Dev/rick-morty-app/RickAndMortyApp/src/api/endpoints/characters.ts": {"lines":{"total":26,"covered":13,"skipped":0,"pct":50},"functions":{"total":3,"covered":1,"skipped":0,"pct":33.33},"statements":{"total":33,"covered":14,"skipped":0,"pct":42.42},"branches":{"total":17,"covered":6,"skipped":0,"pct":35.29}}
,"/Users/mblabs/Documents/Dev/rick-morty-app/RickAndMortyApp/src/api/endpoints/episodes.ts": {"lines":{"total":28,"covered":0,"skipped":0,"pct":0},"functions":{"total":3,"covered":0,"skipped":0,"pct":0},"statements":{"total":32,"covered":0,"skipped":0,"pct":0},"branches":{"total":13,"covered":0,"skipped":0,"pct":0}}
,"/Users/mblabs/Documents/Dev/rick-morty-app/RickAndMortyApp/src/api/endpoints/rickAndMortyAPI.ts": {"lines":{"total":5,"covered":5,"skipped":0,"pct":100},"functions":{"total":2,"covered":2,"skipped":0,"pct":100},"statements":{"total":5,"covered":5,"skipped":0,"pct":100},"branches":{"total":0,"covered":0,"skipped":0,"pct":100}}
,"/Users/mblabs/Documents/Dev/rick-morty-app/RickAndMortyApp/src/components/InteractiveCard/CharacterCard.tsx": {"lines":{"total":44,"covered":0,"skipped":0,"pct":0},"functions":{"total":7,"covered":0,"skipped":0,"pct":0},"statements":{"total":47,"covered":0,"skipped":0,"pct":0},"branches":{"total":52,"covered":0,"skipped":0,"pct":0}}
,"/Users/mblabs/Documents/Dev/rick-morty-app/RickAndMortyApp/src/components/InteractiveCard/EpisodeCard.tsx": {"lines":{"total":25,"covered":0,"skipped":0,"pct":0},"functions":{"total":3,"covered":0,"skipped":0,"pct":0},"statements":{"total":26,"covered":0,"skipped":0,"pct":0},"branches":{"total":34,"covered":0,"skipped":0,"pct":0}}
,"/Users/mblabs/Documents/Dev/rick-morty-app/RickAndMortyApp/src/components/common/CenteredContainer.tsx": {"lines":{"total":3,"covered":3,"skipped":0,"pct":100},"functions":{"total":2,"covered":2,"skipped":0,"pct":100},"statements":{"total":3,"covered":3,"skipped":0,"pct":100},"branches":{"total":0,"covered":0,"skipped":0,"pct":100}}
,"/Users/mblabs/Documents/Dev/rick-morty-app/RickAndMortyApp/src/components/common/ErrorDisplay.tsx": {"lines":{"total":6,"covered":1,"skipped":0,"pct":16.66},"functions":{"total":4,"covered":0,"skipped":0,"pct":0},"statements":{"total":6,"covered":1,"skipped":0,"pct":16.66},"branches":{"total":1,"covered":0,"skipped":0,"pct":0}}
,"/Users/mblabs/Documents/Dev/rick-morty-app/RickAndMortyApp/src/components/common/InfoText.tsx": {"lines":{"total":4,"covered":1,"skipped":0,"pct":25},"functions":{"total":3,"covered":0,"skipped":0,"pct":0},"statements":{"total":4,"covered":1,"skipped":0,"pct":25},"branches":{"total":0,"covered":0,"skipped":0,"pct":100}}
,"/Users/mblabs/Documents/Dev/rick-morty-app/RickAndMortyApp/src/components/common/LoadingIndicator.tsx": {"lines":{"total":2,"covered":2,"skipped":0,"pct":100},"functions":{"total":1,"covered":1,"skipped":0,"pct":100},"statements":{"total":2,"covered":2,"skipped":0,"pct":100},"branches":{"total":0,"covered":0,"skipped":0,"pct":100}}
,"/Users/mblabs/Documents/Dev/rick-morty-app/RickAndMortyApp/src/components/layout/AppHeader.tsx": {"lines":{"total":12,"covered":0,"skipped":0,"pct":0},"functions":{"total":9,"covered":0,"skipped":0,"pct":0},"statements":{"total":12,"covered":0,"skipped":0,"pct":0},"branches":{"total":6,"covered":0,"skipped":0,"pct":0}}
,"/Users/mblabs/Documents/Dev/rick-morty-app/RickAndMortyApp/src/database/sqlite.ts": {"lines":{"total":51,"covered":6,"skipped":0,"pct":11.76},"functions":{"total":26,"covered":1,"skipped":0,"pct":3.84},"statements":{"total":54,"covered":6,"skipped":0,"pct":11.11},"branches":{"total":4,"covered":1,"skipped":0,"pct":25}}
,"/Users/mblabs/Documents/Dev/rick-morty-app/RickAndMortyApp/src/database/repositories/FavoriteRepository.ts": {"lines":{"total":50,"covered":43,"skipped":0,"pct":86},"functions":{"total":6,"covered":6,"skipped":0,"pct":100},"statements":{"total":50,"covered":43,"skipped":0,"pct":86},"branches":{"total":6,"covered":5,"skipped":0,"pct":83.33}}
,"/Users/mblabs/Documents/Dev/rick-morty-app/RickAndMortyApp/src/database/repositories/PreferencesRepository.ts": {"lines":{"total":19,"covered":3,"skipped":0,"pct":15.78},"functions":{"total":2,"covered":0,"skipped":0,"pct":0},"statements":{"total":19,"covered":3,"skipped":0,"pct":15.78},"branches":{"total":5,"covered":0,"skipped":0,"pct":0}}
,"/Users/mblabs/Documents/Dev/rick-morty-app/RickAndMortyApp/src/features/characters/components/CharacterFilterModal.tsx": {"lines":{"total":23,"covered":0,"skipped":0,"pct":0},"functions":{"total":8,"covered":0,"skipped":0,"pct":0},"statements":{"total":23,"covered":0,"skipped":0,"pct":0},"branches":{"total":2,"covered":0,"skipped":0,"pct":0}}
,"/Users/mblabs/Documents/Dev/rick-morty-app/RickAndMortyApp/src/features/characters/components/styles.ts": {"lines":{"total":37,"covered":0,"skipped":0,"pct":0},"functions":{"total":27,"covered":0,"skipped":0,"pct":0},"statements":{"total":38,"covered":0,"skipped":0,"pct":0},"branches":{"total":8,"covered":0,"skipped":0,"pct":0}}
,"/Users/mblabs/Documents/Dev/rick-morty-app/RickAndMortyApp/src/features/characters/hooks/useCharacterList.ts": {"lines":{"total":2,"covered":2,"skipped":0,"pct":100},"functions":{"total":1,"covered":1,"skipped":0,"pct":100},"statements":{"total":2,"covered":2,"skipped":0,"pct":100},"branches":{"total":1,"covered":0,"skipped":0,"pct":0}}
,"/Users/mblabs/Documents/Dev/rick-morty-app/RickAndMortyApp/src/features/characters/screens/CharacterListScreen.tsx": {"lines":{"total":56,"covered":42,"skipped":0,"pct":75},"functions":{"total":15,"covered":10,"skipped":0,"pct":66.66},"statements":{"total":63,"covered":45,"skipped":0,"pct":71.42},"branches":{"total":60,"covered":27,"skipped":0,"pct":45}}
,"/Users/mblabs/Documents/Dev/rick-morty-app/RickAndMortyApp/src/features/characters/screens/styles.ts": {"lines":{"total":23,"covered":22,"skipped":0,"pct":95.65},"functions":{"total":12,"covered":11,"skipped":0,"pct":91.66},"statements":{"total":24,"covered":23,"skipped":0,"pct":95.83},"branches":{"total":0,"covered":0,"skipped":0,"pct":100}}
,"/Users/mblabs/Documents/Dev/rick-morty-app/RickAndMortyApp/src/features/episodes/hooks/useEpisodeList.ts": {"lines":{"total":2,"covered":0,"skipped":0,"pct":0},"functions":{"total":1,"covered":0,"skipped":0,"pct":0},"statements":{"total":2,"covered":0,"skipped":0,"pct":0},"branches":{"total":1,"covered":0,"skipped":0,"pct":0}}
,"/Users/mblabs/Documents/Dev/rick-morty-app/RickAndMortyApp/src/features/episodes/screens/EpisodeListScreen.tsx": {"lines":{"total":45,"covered":0,"skipped":0,"pct":0},"functions":{"total":12,"covered":0,"skipped":0,"pct":0},"statements":{"total":48,"covered":0,"skipped":0,"pct":0},"branches":{"total":51,"covered":0,"skipped":0,"pct":0}}
,"/Users/mblabs/Documents/Dev/rick-morty-app/RickAndMortyApp/src/features/episodes/screens/styles.ts": {"lines":{"total":18,"covered":0,"skipped":0,"pct":0},"functions":{"total":12,"covered":0,"skipped":0,"pct":0},"statements":{"total":19,"covered":0,"skipped":0,"pct":0},"branches":{"total":0,"covered":0,"skipped":0,"pct":100}}
,"/Users/mblabs/Documents/Dev/rick-morty-app/RickAndMortyApp/src/features/favorites/hooks/useFavoriteMutations.ts": {"lines":{"total":16,"covered":0,"skipped":0,"pct":0},"functions":{"total":8,"covered":0,"skipped":0,"pct":0},"statements":{"total":16,"covered":0,"skipped":0,"pct":0},"branches":{"total":0,"covered":0,"skipped":0,"pct":100}}
,"/Users/mblabs/Documents/Dev/rick-morty-app/RickAndMortyApp/src/features/favorites/hooks/useIsFavorite.ts": {"lines":{"total":6,"covered":0,"skipped":0,"pct":0},"functions":{"total":2,"covered":0,"skipped":0,"pct":0},"statements":{"total":6,"covered":0,"skipped":0,"pct":0},"branches":{"total":6,"covered":0,"skipped":0,"pct":0}}
,"/Users/mblabs/Documents/Dev/rick-morty-app/RickAndMortyApp/src/features/favorites/screens/FavoritesScreen.tsx": {"lines":{"total":29,"covered":0,"skipped":0,"pct":0},"functions":{"total":9,"covered":0,"skipped":0,"pct":0},"statements":{"total":32,"covered":0,"skipped":0,"pct":0},"branches":{"total":18,"covered":0,"skipped":0,"pct":0}}
,"/Users/mblabs/Documents/Dev/rick-morty-app/RickAndMortyApp/src/features/favorites/screens/styles.ts": {"lines":{"total":8,"covered":0,"skipped":0,"pct":0},"functions":{"total":5,"covered":0,"skipped":0,"pct":0},"statements":{"total":8,"covered":0,"skipped":0,"pct":0},"branches":{"total":0,"covered":0,"skipped":0,"pct":100}}
,"/Users/mblabs/Documents/Dev/rick-morty-app/RickAndMortyApp/src/features/settings/screens/SettingsScreen.tsx": {"lines":{"total":18,"covered":0,"skipped":0,"pct":0},"functions":{"total":10,"covered":0,"skipped":0,"pct":0},"statements":{"total":19,"covered":0,"skipped":0,"pct":0},"branches":{"total":4,"covered":0,"skipped":0,"pct":0}}
,"/Users/mblabs/Documents/Dev/rick-morty-app/RickAndMortyApp/src/hooks/useAppState.ts": {"lines":{"total":8,"covered":0,"skipped":0,"pct":0},"functions":{"total":4,"covered":0,"skipped":0,"pct":0},"statements":{"total":8,"covered":0,"skipped":0,"pct":0},"branches":{"total":2,"covered":0,"skipped":0,"pct":0}}
,"/Users/mblabs/Documents/Dev/rick-morty-app/RickAndMortyApp/src/hooks/useDebounce.ts": {"lines":{"total":7,"covered":0,"skipped":0,"pct":0},"functions":{"total":4,"covered":0,"skipped":0,"pct":0},"statements":{"total":7,"covered":0,"skipped":0,"pct":0},"branches":{"total":0,"covered":0,"skipped":0,"pct":100}}
,"/Users/mblabs/Documents/Dev/rick-morty-app/RickAndMortyApp/src/hooks/useInfiniteListQuery.ts": {"lines":{"total":16,"covered":13,"skipped":0,"pct":81.25},"functions":{"total":4,"covered":4,"skipped":0,"pct":100},"statements":{"total":16,"covered":13,"skipped":0,"pct":81.25},"branches":{"total":5,"covered":2,"skipped":0,"pct":40}}
,"/Users/mblabs/Documents/Dev/rick-morty-app/RickAndMortyApp/src/hooks/useOnlineManager.ts": {"lines":{"total":4,"covered":0,"skipped":0,"pct":0},"functions":{"total":3,"covered":0,"skipped":0,"pct":0},"statements":{"total":4,"covered":0,"skipped":0,"pct":0},"branches":{"total":2,"covered":0,"skipped":0,"pct":0}}
,"/Users/mblabs/Documents/Dev/rick-morty-app/RickAndMortyApp/src/hooks/usePager.ts": {"lines":{"total":21,"covered":9,"skipped":0,"pct":42.85},"functions":{"total":7,"covered":1,"skipped":0,"pct":14.28},"statements":{"total":21,"covered":9,"skipped":0,"pct":42.85},"branches":{"total":15,"covered":0,"skipped":0,"pct":0}}
,"/Users/mblabs/Documents/Dev/rick-morty-app/RickAndMortyApp/src/store/slices/themeSlice.ts": {"lines":{"total":39,"covered":6,"skipped":0,"pct":15.38},"functions":{"total":8,"covered":1,"skipped":0,"pct":12.5},"statements":{"total":39,"covered":6,"skipped":0,"pct":15.38},"branches":{"total":6,"covered":0,"skipped":0,"pct":0}}
}
