TN:
SF:src/database/sqlite.ts
FN:10,openDb
FN:14,(anonymous_1)
FN:18,(anonymous_2)
FN:23,(anonymous_3)
FN:26,(anonymous_4)
FN:30,(anonymous_5)
FN:34,(anonymous_6)
FN:38,(anonymous_7)
FN:40,(anonymous_8)
FN:40,(anonymous_9)
FN:42,(anonymous_10)
FN:45,(anonymous_11)
FN:50,(anonymous_12)
FN:51,(anonymous_13)
FN:52,(anonymous_14)
FN:53,(anonymous_15)
FN:53,(anonymous_16)
FN:55,(anonymous_17)
FN:56,(anonymous_18)
FN:59,(anonymous_19)
FN:60,(anonymous_20)
FN:64,(anonymous_21)
FN:67,(anonymous_22)
FN:71,(anonymous_23)
FN:89,(anonymous_24)
FN:100,(anonymous_25)
FNF:26
FNH:1
FNDA:2,openDb
FNDA:0,(anonymous_1)
FNDA:0,(anonymous_2)
FNDA:0,(anonymous_3)
FNDA:0,(anonymous_4)
FNDA:0,(anonymous_5)
FNDA:0,(anonymous_6)
FNDA:0,(anonymous_7)
FNDA:0,(anonymous_8)
FNDA:0,(anonymous_9)
FNDA:0,(anonymous_10)
FNDA:0,(anonymous_11)
FNDA:0,(anonymous_12)
FNDA:0,(anonymous_13)
FNDA:0,(anonymous_14)
FNDA:0,(anonymous_15)
FNDA:0,(anonymous_16)
FNDA:0,(anonymous_17)
FNDA:0,(anonymous_18)
FNDA:0,(anonymous_19)
FNDA:0,(anonymous_20)
FNDA:0,(anonymous_21)
FNDA:0,(anonymous_22)
FNDA:0,(anonymous_23)
FNDA:0,(anonymous_24)
FNDA:0,(anonymous_25)
DA:11,2
DA:12,0
DA:13,0
DA:15,0
DA:16,0
DA:19,0
DA:20,0
DA:21,0
DA:24,0
DA:27,0
DA:28,0
DA:31,0
DA:32,0
DA:35,0
DA:36,0
DA:39,0
DA:40,0
DA:43,0
DA:44,0
DA:46,0
DA:47,0
DA:50,0
DA:51,0
DA:52,0
DA:53,0
DA:59,0
DA:62,0
DA:65,0
DA:68,0
DA:69,0
DA:72,0
DA:73,0
DA:78,2
DA:79,2
DA:80,2
DA:83,2
DA:89,2
DA:90,0
DA:91,0
DA:92,0
DA:95,0
DA:96,0
DA:97,0
DA:98,0
DA:100,0
DA:101,0
DA:103,0
DA:126,0
DA:129,0
DA:131,0
DA:132,0
LF:51
LH:6
BRDA:11,0,0,0
BRDA:11,0,1,2
BRDA:90,1,0,0
BRDA:90,1,1,0
BRF:4
BRH:1
end_of_record
TN:
SF:src/database/repositories/FavoriteRepository.ts
FN:24,(anonymous_0)
FN:48,(anonymous_1)
FN:72,(anonymous_2)
FN:89,(anonymous_3)
FN:102,(anonymous_4)
FN:116,(anonymous_5)
FNF:6
FNH:6
FNDA:3,(anonymous_0)
FNDA:1,(anonymous_1)
FNDA:4,(anonymous_2)
FNDA:2,(anonymous_3)
FNDA:1,(anonymous_4)
FNDA:1,(anonymous_5)
DA:24,1
DA:28,3
DA:29,3
DA:30,3
DA:31,3
DA:32,2
DA:33,1
DA:35,1
DA:37,2
DA:39,1
DA:40,1
DA:48,1
DA:52,1
DA:53,1
DA:54,1
DA:55,1
DA:56,1
DA:57,0
DA:59,1
DA:61,1
DA:63,0
DA:64,0
DA:72,1
DA:73,4
DA:74,4
DA:75,4
DA:76,4
DA:77,3
DA:78,3
DA:80,1
DA:81,1
DA:89,1
DA:90,2
DA:91,2
DA:93,2
DA:94,1
DA:95,1
DA:98,2
DA:99,2
DA:101,2
DA:103,1
DA:104,1
DA:105,1
DA:112,0
DA:113,0
DA:116,1
DA:118,2
DA:119,2
DA:121,0
DA:122,0
LF:50
LH:43
BRDA:32,0,0,1
BRDA:32,0,1,1
BRDA:56,1,0,0
BRDA:56,1,1,1
BRDA:93,2,0,1
BRDA:93,2,1,1
BRF:6
BRH:5
end_of_record
TN:
SF:src/features/characters/hooks/useCharacterList.ts
FN:5,(anonymous_0)
FNF:1
FNH:0
FNDA:0,(anonymous_0)
DA:5,1
DA:6,0
LF:2
LH:1
BRDA:5,0,0,0
BRF:1
BRH:0
end_of_record
TN:
SF:src/features/characters/screens/CharacterListScreen.tsx
FN:36,CharacterListScreen
FN:59,(anonymous_1)
FN:80,(anonymous_2)
FN:80,(anonymous_3)
FN:93,(anonymous_4)
FN:101,(anonymous_5)
FN:107,(anonymous_6)
FN:113,(anonymous_7)
FN:127,(anonymous_8)
FN:160,(anonymous_9)
FN:182,(anonymous_10)
FN:193,(anonymous_11)
FN:198,(anonymous_12)
FN:205,(anonymous_13)
FN:244,(anonymous_14)
FNF:15
FNH:11
FNDA:7,CharacterListScreen
FNDA:5,(anonymous_1)
FNDA:3,(anonymous_2)
FNDA:1,(anonymous_3)
FNDA:5,(anonymous_4)
FNDA:0,(anonymous_5)
FNDA:3,(anonymous_6)
FNDA:0,(anonymous_7)
FNDA:1,(anonymous_8)
FNDA:0,(anonymous_9)
FNDA:4,(anonymous_10)
FNDA:2,(anonymous_11)
FNDA:5,(anonymous_12)
FNDA:4,(anonymous_13)
FNDA:0,(anonymous_14)
DA:37,7
DA:38,7
DA:40,7
DA:41,7
DA:42,7
DA:43,7
DA:44,7
DA:45,7
DA:46,7
DA:48,7
DA:49,7
DA:50,7
DA:51,7
DA:53,7
DA:59,7
DA:60,5
DA:61,5
DA:62,5
DA:63,5
DA:64,5
DA:65,5
DA:78,7
DA:80,7
DA:90,7
DA:92,7
DA:93,7
DA:94,5
DA:95,5
DA:96,2
DA:97,2
DA:101,7
DA:102,0
DA:103,0
DA:107,7
DA:108,3
DA:109,0
DA:113,7
DA:119,0
DA:120,0
DA:121,0
DA:122,0
DA:123,0
DA:126,7
DA:128,1
DA:137,7
DA:143,7
DA:145,7
DA:146,7
DA:147,0
DA:149,7
DA:160,0
DA:182,4
DA:193,2
DA:199,5
DA:206,4
DA:244,0
LF:56
LH:45
BRDA:49,0,0,7
BRDA:49,0,1,0
BRDA:50,1,0,7
BRDA:50,1,1,0
BRDA:61,2,0,0
BRDA:61,2,1,5
BRDA:62,3,0,0
BRDA:62,3,1,5
BRDA:63,4,0,0
BRDA:63,4,1,5
BRDA:64,5,0,0
BRDA:64,5,1,5
BRDA:80,6,0,3
BRDA:80,6,1,2
BRDA:95,7,0,2
BRDA:95,7,1,3
BRDA:102,8,0,0
BRDA:102,8,1,0
BRDA:102,9,0,0
BRDA:102,9,1,0
BRDA:108,10,0,0
BRDA:108,10,1,3
BRDA:108,11,0,3
BRDA:108,11,1,3
BRDA:108,11,2,0
BRDA:143,12,0,7
BRDA:143,12,1,0
BRDA:143,12,2,0
BRDA:145,13,0,0
BRDA:145,13,1,7
BRDA:146,14,0,0
BRDA:146,14,1,7
BRDA:146,15,0,7
BRDA:146,15,1,0
BRDA:164,16,0,0
BRDA:164,16,1,7
BRDA:166,17,0,7
BRDA:166,17,1,0
BRDA:173,18,0,7
BRDA:173,18,1,0
BRDA:173,18,2,0
BRDA:173,18,3,0
BRDA:199,19,0,0
BRDA:199,19,1,5
BRDA:206,20,0,4
BRDA:206,20,1,0
BRDA:206,21,0,4
BRDA:206,21,1,4
BRDA:209,22,0,2
BRDA:209,22,1,2
BRDA:209,23,0,4
BRDA:209,23,1,2
BRDA:223,24,0,7
BRDA:223,24,1,0
BRDA:228,25,0,7
BRDA:228,25,1,6
BRDA:234,26,0,6
BRDA:234,26,1,1
BRDA:234,27,0,7
BRDA:234,27,1,6
BRF:60
BRH:35
end_of_record
TN:
SF:src/hooks/useDebounce.ts
FN:16,useDebounce
FN:19,(anonymous_1)
FN:20,(anonymous_2)
FN:24,(anonymous_3)
FNF:4
FNH:0
FNDA:0,useDebounce
FNDA:0,(anonymous_1)
FNDA:0,(anonymous_2)
FNDA:0,(anonymous_3)
DA:17,0
DA:19,0
DA:20,0
DA:21,0
DA:24,0
DA:25,0
DA:29,0
LF:7
LH:0
BRF:0
BRH:0
end_of_record
